{"C:\\Users\\asus\\Documents\\API_Final\\task1-web-api-Sid20-rgb\\app.js": {"path":"C:\\Users\\asus\\Documents\\API_Final\\task1-web-api-Sid20-rgb\\app.js","statementMap":{"0":{"start":{"line":1,"column":0},"end":{"line":1,"column":27}},"1":{"start":{"line":2,"column":16},"end":{"line":2,"column":34}},"2":{"start":{"line":3,"column":13},"end":{"line":3,"column":28}},"3":{"start":{"line":4,"column":17},"end":{"line":4,"column":36}},"4":{"start":{"line":5,"column":20},"end":{"line":5,"column":51}},"5":{"start":{"line":6,"column":20},"end":{"line":6,"column":51}},"6":{"start":{"line":7,"column":23},"end":{"line":7,"column":57}},"7":{"start":{"line":8,"column":23},"end":{"line":8,"column":52}},"8":{"start":{"line":13,"column":2},"end":{"line":15,"column":24}},"9":{"start":{"line":17,"column":0},"end":{"line":22,"column":36}},"10":{"start":{"line":20,"column":4},"end":{"line":20,"column":47}},"11":{"start":{"line":22,"column":18},"end":{"line":22,"column":34}},"12":{"start":{"line":24,"column":12},"end":{"line":24,"column":21}},"13":{"start":{"line":26,"column":0},"end":{"line":26,"column":16}},"14":{"start":{"line":28,"column":0},"end":{"line":28,"column":24}},"15":{"start":{"line":29,"column":0},"end":{"line":29,"column":34}},"16":{"start":{"line":31,"column":0},"end":{"line":33,"column":3}},"17":{"start":{"line":32,"column":2},"end":{"line":32,"column":25}},"18":{"start":{"line":35,"column":0},"end":{"line":35,"column":31}},"19":{"start":{"line":36,"column":0},"end":{"line":36,"column":43}},"20":{"start":{"line":37,"column":0},"end":{"line":37,"column":49}},"21":{"start":{"line":40,"column":0},"end":{"line":45,"column":3}},"22":{"start":{"line":41,"column":2},"end":{"line":41,"column":21}},"23":{"start":{"line":42,"column":2},"end":{"line":43,"column":53}},"24":{"start":{"line":42,"column":38},"end":{"line":42,"column":54}},"25":{"start":{"line":43,"column":7},"end":{"line":43,"column":53}},"26":{"start":{"line":43,"column":37},"end":{"line":43,"column":53}},"27":{"start":{"line":44,"column":2},"end":{"line":44,"column":35}},"28":{"start":{"line":48,"column":0},"end":{"line":50,"column":3}},"29":{"start":{"line":49,"column":2},"end":{"line":49,"column":52}},"30":{"start":{"line":52,"column":0},"end":{"line":52,"column":21}}},"fnMap":{"0":{"name":"(anonymous_0)","decl":{"start":{"line":19,"column":8},"end":{"line":19,"column":9}},"loc":{"start":{"line":19,"column":14},"end":{"line":21,"column":3}},"line":19},"1":{"name":"(anonymous_1)","decl":{"start":{"line":22,"column":9},"end":{"line":22,"column":10}},"loc":{"start":{"line":22,"column":18},"end":{"line":22,"column":34}},"line":22},"2":{"name":"(anonymous_2)","decl":{"start":{"line":31,"column":13},"end":{"line":31,"column":14}},"loc":{"start":{"line":31,"column":27},"end":{"line":33,"column":1}},"line":31},"3":{"name":"(anonymous_3)","decl":{"start":{"line":40,"column":8},"end":{"line":40,"column":9}},"loc":{"start":{"line":40,"column":33},"end":{"line":45,"column":1}},"line":40},"4":{"name":"(anonymous_4)","decl":{"start":{"line":48,"column":8},"end":{"line":48,"column":9}},"loc":{"start":{"line":48,"column":22},"end":{"line":50,"column":1}},"line":48}},"branchMap":{"0":{"loc":{"start":{"line":13,"column":2},"end":{"line":15,"column":24}},"type":"cond-expr","locations":[{"start":{"line":14,"column":6},"end":{"line":14,"column":29}},{"start":{"line":15,"column":6},"end":{"line":15,"column":24}}],"line":13},"1":{"loc":{"start":{"line":42,"column":2},"end":{"line":43,"column":53}},"type":"if","locations":[{"start":{"line":42,"column":2},"end":{"line":43,"column":53}},{"start":{"line":43,"column":7},"end":{"line":43,"column":53}}],"line":42},"2":{"loc":{"start":{"line":43,"column":7},"end":{"line":43,"column":53}},"type":"if","locations":[{"start":{"line":43,"column":7},"end":{"line":43,"column":53}},{"start":{},"end":{}}],"line":43}},"s":{"0":4,"1":4,"2":4,"3":4,"4":4,"5":4,"6":4,"7":4,"8":4,"9":4,"10":4,"11":0,"12":4,"13":4,"14":4,"15":4,"16":4,"17":1,"18":4,"19":4,"20":4,"21":4,"22":0,"23":0,"24":0,"25":0,"26":0,"27":0,"28":4,"29":0,"30":4},"f":{"0":4,"1":0,"2":1,"3":0,"4":0},"b":{"0":[4,0],"1":[0,0],"2":[0,0]},"_coverageSchema":"1a1c01bbd47fc00a2c39e90264f33305004495a9","hash":"f09548fe694886b9b80befb77e8c16a626035d16"}
,"C:\\Users\\asus\\Documents\\API_Final\\task1-web-api-Sid20-rgb\\controllers\\blog-controller.js": {"path":"C:\\Users\\asus\\Documents\\API_Final\\task1-web-api-Sid20-rgb\\controllers\\blog-controller.js","statementMap":{"0":{"start":{"line":1,"column":17},"end":{"line":1,"column":36}},"1":{"start":{"line":2,"column":13},"end":{"line":2,"column":38}},"2":{"start":{"line":3,"column":13},"end":{"line":3,"column":38}},"3":{"start":{"line":5,"column":20},"end":{"line":37,"column":1}},"4":{"start":{"line":6,"column":2},"end":{"line":36,"column":3}},"5":{"start":{"line":7,"column":27},"end":{"line":7,"column":38}},"6":{"start":{"line":8,"column":21},"end":{"line":8,"column":56}},"7":{"start":{"line":9,"column":18},"end":{"line":9,"column":56}},"8":{"start":{"line":11,"column":23},"end":{"line":29,"column":6}},"9":{"start":{"line":12,"column":27},"end":{"line":14,"column":7}},"10":{"start":{"line":16,"column":36},"end":{"line":22,"column":8}},"11":{"start":{"line":17,"column":31},"end":{"line":17,"column":76}},"12":{"start":{"line":18,"column":8},"end":{"line":21,"column":10}},"13":{"start":{"line":24,"column":6},"end":{"line":28,"column":8}},"14":{"start":{"line":31,"column":4},"end":{"line":33,"column":7}},"15":{"start":{"line":35,"column":4},"end":{"line":35,"column":16}},"16":{"start":{"line":40,"column":25},"end":{"line":54,"column":1}},"17":{"start":{"line":41,"column":2},"end":{"line":53,"column":3}},"18":{"start":{"line":42,"column":19},"end":{"line":42,"column":37}},"19":{"start":{"line":44,"column":18},"end":{"line":46,"column":6}},"20":{"start":{"line":48,"column":4},"end":{"line":50,"column":7}},"21":{"start":{"line":52,"column":4},"end":{"line":52,"column":16}},"22":{"start":{"line":103,"column":20},"end":{"line":112,"column":1}},"23":{"start":{"line":104,"column":2},"end":{"line":111,"column":17}},"24":{"start":{"line":106,"column":6},"end":{"line":108,"column":7}},"25":{"start":{"line":107,"column":8},"end":{"line":107,"column":58}},"26":{"start":{"line":109,"column":6},"end":{"line":109,"column":21}},"27":{"start":{"line":114,"column":23},"end":{"line":118,"column":1}},"28":{"start":{"line":115,"column":2},"end":{"line":117,"column":17}},"29":{"start":{"line":116,"column":23},"end":{"line":116,"column":40}},"30":{"start":{"line":120,"column":23},"end":{"line":124,"column":1}},"31":{"start":{"line":121,"column":2},"end":{"line":123,"column":17}},"32":{"start":{"line":122,"column":21},"end":{"line":122,"column":42}},"33":{"start":{"line":126,"column":20},"end":{"line":148,"column":1}},"34":{"start":{"line":127,"column":20},"end":{"line":127,"column":29}},"35":{"start":{"line":129,"column":2},"end":{"line":147,"column":7}},"36":{"start":{"line":136,"column":6},"end":{"line":142,"column":7}},"37":{"start":{"line":141,"column":8},"end":{"line":141,"column":24}},"38":{"start":{"line":150,"column":20},"end":{"line":172,"column":1}},"39":{"start":{"line":151,"column":20},"end":{"line":151,"column":29}},"40":{"start":{"line":153,"column":2},"end":{"line":171,"column":7}},"41":{"start":{"line":160,"column":6},"end":{"line":166,"column":7}},"42":{"start":{"line":165,"column":8},"end":{"line":165,"column":24}},"43":{"start":{"line":174,"column":21},"end":{"line":195,"column":1}},"44":{"start":{"line":175,"column":2},"end":{"line":194,"column":3}},"45":{"start":{"line":176,"column":19},"end":{"line":176,"column":30}},"46":{"start":{"line":177,"column":19},"end":{"line":177,"column":37}},"47":{"start":{"line":179,"column":17},"end":{"line":179,"column":44}},"48":{"start":{"line":180,"column":4},"end":{"line":182,"column":5}},"49":{"start":{"line":181,"column":6},"end":{"line":181,"column":63}},"50":{"start":{"line":184,"column":4},"end":{"line":186,"column":5}},"51":{"start":{"line":185,"column":6},"end":{"line":185,"column":75}},"52":{"start":{"line":188,"column":4},"end":{"line":188,"column":38}},"53":{"start":{"line":189,"column":4},"end":{"line":189,"column":22}},"54":{"start":{"line":191,"column":4},"end":{"line":191,"column":58}},"55":{"start":{"line":193,"column":4},"end":{"line":193,"column":16}},"56":{"start":{"line":197,"column":23},"end":{"line":222,"column":1}},"57":{"start":{"line":198,"column":2},"end":{"line":221,"column":3}},"58":{"start":{"line":199,"column":19},"end":{"line":199,"column":30}},"59":{"start":{"line":200,"column":19},"end":{"line":200,"column":37}},"60":{"start":{"line":202,"column":17},"end":{"line":202,"column":44}},"61":{"start":{"line":203,"column":4},"end":{"line":206,"column":5}},"62":{"start":{"line":208,"column":4},"end":{"line":211,"column":5}},"63":{"start":{"line":213,"column":4},"end":{"line":215,"column":6}},"64":{"start":{"line":214,"column":20},"end":{"line":214,"column":50}},"65":{"start":{"line":216,"column":4},"end":{"line":216,"column":22}},"66":{"start":{"line":218,"column":4},"end":{"line":218,"column":59}},"67":{"start":{"line":220,"column":4},"end":{"line":220,"column":16}},"68":{"start":{"line":224,"column":27},"end":{"line":241,"column":1}},"69":{"start":{"line":225,"column":2},"end":{"line":240,"column":3}},"70":{"start":{"line":226,"column":19},"end":{"line":226,"column":30}},"71":{"start":{"line":228,"column":17},"end":{"line":228,"column":44}},"72":{"start":{"line":229,"column":4},"end":{"line":231,"column":5}},"73":{"start":{"line":230,"column":6},"end":{"line":230,"column":63}},"74":{"start":{"line":233,"column":28},"end":{"line":235,"column":6}},"75":{"start":{"line":237,"column":4},"end":{"line":237,"column":40}},"76":{"start":{"line":239,"column":4},"end":{"line":239,"column":16}},"77":{"start":{"line":244,"column":38},"end":{"line":258,"column":1}},"78":{"start":{"line":245,"column":2},"end":{"line":257,"column":3}},"79":{"start":{"line":246,"column":19},"end":{"line":246,"column":30}},"80":{"start":{"line":248,"column":18},"end":{"line":250,"column":6}},"81":{"start":{"line":252,"column":4},"end":{"line":254,"column":7}},"82":{"start":{"line":256,"column":4},"end":{"line":256,"column":16}},"83":{"start":{"line":290,"column":0},"end":{"line":305,"column":2}}},"fnMap":{"0":{"name":"(anonymous_0)","decl":{"start":{"line":5,"column":20},"end":{"line":5,"column":21}},"loc":{"start":{"line":5,"column":46},"end":{"line":37,"column":1}},"line":5},"1":{"name":"(anonymous_1)","decl":{"start":{"line":11,"column":33},"end":{"line":11,"column":34}},"loc":{"start":{"line":11,"column":43},"end":{"line":29,"column":5}},"line":11},"2":{"name":"(anonymous_2)","decl":{"start":{"line":16,"column":54},"end":{"line":16,"column":55}},"loc":{"start":{"line":16,"column":67},"end":{"line":22,"column":7}},"line":16},"3":{"name":"(anonymous_3)","decl":{"start":{"line":40,"column":25},"end":{"line":40,"column":26}},"loc":{"start":{"line":40,"column":51},"end":{"line":54,"column":1}},"line":40},"4":{"name":"(anonymous_4)","decl":{"start":{"line":103,"column":20},"end":{"line":103,"column":21}},"loc":{"start":{"line":103,"column":40},"end":{"line":112,"column":1}},"line":103},"5":{"name":"(anonymous_5)","decl":{"start":{"line":105,"column":10},"end":{"line":105,"column":11}},"loc":{"start":{"line":105,"column":20},"end":{"line":110,"column":5}},"line":105},"6":{"name":"(anonymous_6)","decl":{"start":{"line":114,"column":23},"end":{"line":114,"column":24}},"loc":{"start":{"line":114,"column":43},"end":{"line":118,"column":1}},"line":114},"7":{"name":"(anonymous_7)","decl":{"start":{"line":116,"column":10},"end":{"line":116,"column":11}},"loc":{"start":{"line":116,"column":23},"end":{"line":116,"column":40}},"line":116},"8":{"name":"(anonymous_8)","decl":{"start":{"line":120,"column":23},"end":{"line":120,"column":24}},"loc":{"start":{"line":120,"column":43},"end":{"line":124,"column":1}},"line":120},"9":{"name":"(anonymous_9)","decl":{"start":{"line":122,"column":10},"end":{"line":122,"column":11}},"loc":{"start":{"line":122,"column":21},"end":{"line":122,"column":42}},"line":122},"10":{"name":"(anonymous_10)","decl":{"start":{"line":126,"column":20},"end":{"line":126,"column":21}},"loc":{"start":{"line":126,"column":40},"end":{"line":148,"column":1}},"line":126},"11":{"name":"(anonymous_11)","decl":{"start":{"line":135,"column":10},"end":{"line":135,"column":11}},"loc":{"start":{"line":135,"column":21},"end":{"line":143,"column":5}},"line":135},"12":{"name":"(anonymous_12)","decl":{"start":{"line":144,"column":11},"end":{"line":144,"column":12}},"loc":{"start":{"line":144,"column":22},"end":{"line":147,"column":5}},"line":144},"13":{"name":"(anonymous_13)","decl":{"start":{"line":150,"column":20},"end":{"line":150,"column":21}},"loc":{"start":{"line":150,"column":40},"end":{"line":172,"column":1}},"line":150},"14":{"name":"(anonymous_14)","decl":{"start":{"line":159,"column":10},"end":{"line":159,"column":11}},"loc":{"start":{"line":159,"column":21},"end":{"line":167,"column":5}},"line":159},"15":{"name":"(anonymous_15)","decl":{"start":{"line":168,"column":11},"end":{"line":168,"column":12}},"loc":{"start":{"line":168,"column":22},"end":{"line":171,"column":5}},"line":168},"16":{"name":"(anonymous_16)","decl":{"start":{"line":174,"column":21},"end":{"line":174,"column":22}},"loc":{"start":{"line":174,"column":47},"end":{"line":195,"column":1}},"line":174},"17":{"name":"(anonymous_17)","decl":{"start":{"line":197,"column":23},"end":{"line":197,"column":24}},"loc":{"start":{"line":197,"column":49},"end":{"line":222,"column":1}},"line":197},"18":{"name":"(anonymous_18)","decl":{"start":{"line":214,"column":6},"end":{"line":214,"column":7}},"loc":{"start":{"line":214,"column":20},"end":{"line":214,"column":50}},"line":214},"19":{"name":"(anonymous_19)","decl":{"start":{"line":224,"column":27},"end":{"line":224,"column":28}},"loc":{"start":{"line":224,"column":53},"end":{"line":241,"column":1}},"line":224},"20":{"name":"(anonymous_20)","decl":{"start":{"line":244,"column":38},"end":{"line":244,"column":39}},"loc":{"start":{"line":244,"column":64},"end":{"line":258,"column":1}},"line":244}},"branchMap":{"0":{"loc":{"start":{"line":106,"column":6},"end":{"line":108,"column":7}},"type":"if","locations":[{"start":{"line":106,"column":6},"end":{"line":108,"column":7}},{"start":{},"end":{}}],"line":106},"1":{"loc":{"start":{"line":136,"column":6},"end":{"line":142,"column":7}},"type":"if","locations":[{"start":{"line":136,"column":6},"end":{"line":142,"column":7}},{"start":{"line":139,"column":13},"end":{"line":142,"column":7}}],"line":136},"2":{"loc":{"start":{"line":160,"column":6},"end":{"line":166,"column":7}},"type":"if","locations":[{"start":{"line":160,"column":6},"end":{"line":166,"column":7}},{"start":{"line":163,"column":13},"end":{"line":166,"column":7}}],"line":160},"3":{"loc":{"start":{"line":180,"column":4},"end":{"line":182,"column":5}},"type":"if","locations":[{"start":{"line":180,"column":4},"end":{"line":182,"column":5}},{"start":{},"end":{}}],"line":180},"4":{"loc":{"start":{"line":184,"column":4},"end":{"line":186,"column":5}},"type":"if","locations":[{"start":{"line":184,"column":4},"end":{"line":186,"column":5}},{"start":{},"end":{}}],"line":184},"5":{"loc":{"start":{"line":203,"column":4},"end":{"line":206,"column":5}},"type":"if","locations":[{"start":{"line":203,"column":4},"end":{"line":206,"column":5}},{"start":{},"end":{}}],"line":203},"6":{"loc":{"start":{"line":208,"column":4},"end":{"line":211,"column":5}},"type":"if","locations":[{"start":{"line":208,"column":4},"end":{"line":211,"column":5}},{"start":{},"end":{}}],"line":208},"7":{"loc":{"start":{"line":229,"column":4},"end":{"line":231,"column":5}},"type":"if","locations":[{"start":{"line":229,"column":4},"end":{"line":231,"column":5}},{"start":{},"end":{}}],"line":229}},"s":{"0":4,"1":4,"2":4,"3":4,"4":1,"5":1,"6":1,"7":1,"8":1,"9":1,"10":1,"11":0,"12":0,"13":1,"14":1,"15":0,"16":4,"17":1,"18":1,"19":1,"20":1,"21":0,"22":4,"23":1,"24":1,"25":0,"26":1,"27":4,"28":1,"29":1,"30":4,"31":0,"32":0,"33":4,"34":1,"35":1,"36":1,"37":1,"38":4,"39":1,"40":1,"41":1,"42":1,"43":4,"44":1,"45":1,"46":1,"47":1,"48":1,"49":0,"50":1,"51":0,"52":1,"53":1,"54":1,"55":0,"56":4,"57":1,"58":1,"59":1,"60":1,"61":1,"62":1,"63":1,"64":1,"65":1,"66":1,"67":0,"68":4,"69":1,"70":1,"71":1,"72":1,"73":0,"74":1,"75":1,"76":0,"77":4,"78":1,"79":1,"80":1,"81":1,"82":0,"83":4},"f":{"0":1,"1":1,"2":0,"3":1,"4":1,"5":1,"6":1,"7":1,"8":0,"9":0,"10":1,"11":1,"12":0,"13":1,"14":1,"15":0,"16":1,"17":1,"18":1,"19":1,"20":1},"b":{"0":[0,1],"1":[0,1],"2":[0,1],"3":[0,1],"4":[0,1],"5":[0,1],"6":[0,1],"7":[0,1]},"_coverageSchema":"1a1c01bbd47fc00a2c39e90264f33305004495a9","hash":"7afd1e11ec48544a9bb7bfc9b92fb84e267c9bb6"}
,"C:\\Users\\asus\\Documents\\API_Final\\task1-web-api-Sid20-rgb\\controllers\\comment-controller.js": {"path":"C:\\Users\\asus\\Documents\\API_Final\\task1-web-api-Sid20-rgb\\controllers\\comment-controller.js","statementMap":{"0":{"start":{"line":1,"column":16},"end":{"line":1,"column":44}},"1":{"start":{"line":2,"column":13},"end":{"line":2,"column":38}},"2":{"start":{"line":4,"column":22},"end":{"line":32,"column":1}},"3":{"start":{"line":5,"column":2},"end":{"line":31,"column":3}},"4":{"start":{"line":6,"column":24},"end":{"line":6,"column":32}},"5":{"start":{"line":7,"column":19},"end":{"line":7,"column":36}},"6":{"start":{"line":8,"column":17},"end":{"line":8,"column":25}},"7":{"start":{"line":10,"column":17},"end":{"line":10,"column":44}},"8":{"start":{"line":11,"column":4},"end":{"line":13,"column":5}},"9":{"start":{"line":12,"column":6},"end":{"line":12,"column":63}},"10":{"start":{"line":15,"column":20},"end":{"line":20,"column":6}},"11":{"start":{"line":22,"column":4},"end":{"line":22,"column":25}},"12":{"start":{"line":24,"column":4},"end":{"line":24,"column":32}},"13":{"start":{"line":25,"column":4},"end":{"line":25,"column":22}},"14":{"start":{"line":27,"column":4},"end":{"line":27,"column":34}},"15":{"start":{"line":29,"column":4},"end":{"line":29,"column":25}},"16":{"start":{"line":30,"column":4},"end":{"line":30,"column":64}},"17":{"start":{"line":34,"column":22},"end":{"line":72,"column":1}},"18":{"start":{"line":74,"column":0},"end":{"line":77,"column":2}}},"fnMap":{"0":{"name":"(anonymous_0)","decl":{"start":{"line":4,"column":22},"end":{"line":4,"column":23}},"loc":{"start":{"line":4,"column":42},"end":{"line":32,"column":1}},"line":4},"1":{"name":"(anonymous_1)","decl":{"start":{"line":34,"column":22},"end":{"line":34,"column":23}},"loc":{"start":{"line":34,"column":42},"end":{"line":72,"column":1}},"line":34}},"branchMap":{"0":{"loc":{"start":{"line":11,"column":4},"end":{"line":13,"column":5}},"type":"if","locations":[{"start":{"line":11,"column":4},"end":{"line":13,"column":5}},{"start":{},"end":{}}],"line":11}},"s":{"0":4,"1":4,"2":4,"3":1,"4":1,"5":1,"6":1,"7":1,"8":1,"9":0,"10":1,"11":1,"12":1,"13":1,"14":1,"15":0,"16":0,"17":4,"18":4},"f":{"0":1,"1":0},"b":{"0":[0,1]},"_coverageSchema":"1a1c01bbd47fc00a2c39e90264f33305004495a9","hash":"f1ed95865c6438059eed38c3aae5fd6cae4df62b"}
,"C:\\Users\\asus\\Documents\\API_Final\\task1-web-api-Sid20-rgb\\controllers\\user-controller.js": {"path":"C:\\Users\\asus\\Documents\\API_Final\\task1-web-api-Sid20-rgb\\controllers\\user-controller.js","statementMap":{"0":{"start":{"line":1,"column":16},"end":{"line":1,"column":34}},"1":{"start":{"line":2,"column":15},"end":{"line":2,"column":34}},"2":{"start":{"line":3,"column":12},"end":{"line":3,"column":35}},"3":{"start":{"line":4,"column":15},"end":{"line":4,"column":31}},"4":{"start":{"line":5,"column":13},"end":{"line":5,"column":38}},"5":{"start":{"line":7,"column":21},"end":{"line":25,"column":1}},"6":{"start":{"line":8,"column":40},"end":{"line":8,"column":48}},"7":{"start":{"line":10,"column":2},"end":{"line":24,"column":17}},"8":{"start":{"line":12,"column":6},"end":{"line":12,"column":77}},"9":{"start":{"line":12,"column":16},"end":{"line":12,"column":77}},"10":{"start":{"line":14,"column":6},"end":{"line":22,"column":9}},"11":{"start":{"line":15,"column":8},"end":{"line":15,"column":69}},"12":{"start":{"line":15,"column":17},"end":{"line":15,"column":69}},"13":{"start":{"line":17,"column":8},"end":{"line":21,"column":23}},"14":{"start":{"line":19,"column":12},"end":{"line":19,"column":39}},"15":{"start":{"line":27,"column":18},"end":{"line":59,"column":1}},"16":{"start":{"line":28,"column":33},"end":{"line":28,"column":41}},"17":{"start":{"line":30,"column":2},"end":{"line":58,"column":17}},"18":{"start":{"line":32,"column":6},"end":{"line":33,"column":73}},"19":{"start":{"line":33,"column":8},"end":{"line":33,"column":73}},"20":{"start":{"line":35,"column":6},"end":{"line":56,"column":9}},"21":{"start":{"line":36,"column":8},"end":{"line":36,"column":69}},"22":{"start":{"line":36,"column":17},"end":{"line":36,"column":69}},"23":{"start":{"line":37,"column":8},"end":{"line":39,"column":76}},"24":{"start":{"line":41,"column":24},"end":{"line":45,"column":9}},"25":{"start":{"line":47,"column":8},"end":{"line":55,"column":10}},"26":{"start":{"line":52,"column":12},"end":{"line":52,"column":73}},"27":{"start":{"line":52,"column":21},"end":{"line":52,"column":73}},"28":{"start":{"line":53,"column":12},"end":{"line":53,"column":58}},"29":{"start":{"line":61,"column":23},"end":{"line":73,"column":1}},"30":{"start":{"line":62,"column":17},"end":{"line":62,"column":28}},"31":{"start":{"line":64,"column":2},"end":{"line":72,"column":17}},"32":{"start":{"line":70,"column":6},"end":{"line":70,"column":33}},"33":{"start":{"line":75,"column":26},"end":{"line":103,"column":1}},"34":{"start":{"line":76,"column":17},"end":{"line":76,"column":28}},"35":{"start":{"line":77,"column":50},"end":{"line":77,"column":58}},"36":{"start":{"line":79,"column":2},"end":{"line":102,"column":17}},"37":{"start":{"line":81,"column":6},"end":{"line":84,"column":7}},"38":{"start":{"line":87,"column":6},"end":{"line":89,"column":7}},"39":{"start":{"line":88,"column":8},"end":{"line":88,"column":33}},"40":{"start":{"line":90,"column":6},"end":{"line":92,"column":7}},"41":{"start":{"line":91,"column":8},"end":{"line":91,"column":27}},"42":{"start":{"line":95,"column":6},"end":{"line":100,"column":21}},"43":{"start":{"line":98,"column":10},"end":{"line":98,"column":32}},"44":{"start":{"line":105,"column":23},"end":{"line":151,"column":1}},"45":{"start":{"line":106,"column":60},"end":{"line":106,"column":68}},"46":{"start":{"line":107,"column":17},"end":{"line":107,"column":28}},"47":{"start":{"line":109,"column":2},"end":{"line":150,"column":3}},"48":{"start":{"line":111,"column":17},"end":{"line":111,"column":44}},"49":{"start":{"line":112,"column":4},"end":{"line":115,"column":5}},"50":{"start":{"line":118,"column":26},"end":{"line":118,"column":78}},"51":{"start":{"line":119,"column":4},"end":{"line":121,"column":5}},"52":{"start":{"line":120,"column":6},"end":{"line":120,"column":75}},"53":{"start":{"line":124,"column":4},"end":{"line":128,"column":5}},"54":{"start":{"line":125,"column":6},"end":{"line":127,"column":75}},"55":{"start":{"line":131,"column":4},"end":{"line":135,"column":5}},"56":{"start":{"line":132,"column":6},"end":{"line":134,"column":9}},"57":{"start":{"line":138,"column":30},"end":{"line":138,"column":64}},"58":{"start":{"line":141,"column":4},"end":{"line":141,"column":38}},"59":{"start":{"line":144,"column":4},"end":{"line":144,"column":22}},"60":{"start":{"line":146,"column":4},"end":{"line":146,"column":71}},"61":{"start":{"line":153,"column":24},"end":{"line":167,"column":1}},"62":{"start":{"line":154,"column":17},"end":{"line":154,"column":35}},"63":{"start":{"line":156,"column":2},"end":{"line":166,"column":3}},"64":{"start":{"line":157,"column":17},"end":{"line":157,"column":44}},"65":{"start":{"line":158,"column":4},"end":{"line":161,"column":5}},"66":{"start":{"line":163,"column":4},"end":{"line":163,"column":19}},"67":{"start":{"line":165,"column":4},"end":{"line":165,"column":16}},"68":{"start":{"line":169,"column":20},"end":{"line":176,"column":1}},"69":{"start":{"line":170,"column":2},"end":{"line":175,"column":3}},"70":{"start":{"line":171,"column":18},"end":{"line":171,"column":35}},"71":{"start":{"line":172,"column":4},"end":{"line":172,"column":30}},"72":{"start":{"line":174,"column":4},"end":{"line":174,"column":16}},"73":{"start":{"line":204,"column":0},"end":{"line":213,"column":2}}},"fnMap":{"0":{"name":"(anonymous_0)","decl":{"start":{"line":7,"column":21},"end":{"line":7,"column":22}},"loc":{"start":{"line":7,"column":47},"end":{"line":25,"column":1}},"line":7},"1":{"name":"(anonymous_1)","decl":{"start":{"line":11,"column":10},"end":{"line":11,"column":11}},"loc":{"start":{"line":11,"column":20},"end":{"line":23,"column":5}},"line":11},"2":{"name":"(anonymous_2)","decl":{"start":{"line":14,"column":32},"end":{"line":14,"column":33}},"loc":{"start":{"line":14,"column":47},"end":{"line":22,"column":7}},"line":14},"3":{"name":"(anonymous_3)","decl":{"start":{"line":18,"column":16},"end":{"line":18,"column":17}},"loc":{"start":{"line":18,"column":26},"end":{"line":20,"column":11}},"line":18},"4":{"name":"(anonymous_4)","decl":{"start":{"line":27,"column":18},"end":{"line":27,"column":19}},"loc":{"start":{"line":27,"column":44},"end":{"line":59,"column":1}},"line":27},"5":{"name":"(anonymous_5)","decl":{"start":{"line":31,"column":10},"end":{"line":31,"column":11}},"loc":{"start":{"line":31,"column":20},"end":{"line":57,"column":5}},"line":31},"6":{"name":"(anonymous_6)","decl":{"start":{"line":35,"column":46},"end":{"line":35,"column":47}},"loc":{"start":{"line":35,"column":64},"end":{"line":56,"column":7}},"line":35},"7":{"name":"(anonymous_7)","decl":{"start":{"line":51,"column":10},"end":{"line":51,"column":11}},"loc":{"start":{"line":51,"column":26},"end":{"line":54,"column":11}},"line":51},"8":{"name":"(anonymous_8)","decl":{"start":{"line":61,"column":23},"end":{"line":61,"column":24}},"loc":{"start":{"line":61,"column":43},"end":{"line":73,"column":1}},"line":61},"9":{"name":"(anonymous_9)","decl":{"start":{"line":65,"column":10},"end":{"line":65,"column":11}},"loc":{"start":{"line":65,"column":20},"end":{"line":71,"column":5}},"line":65},"10":{"name":"(anonymous_10)","decl":{"start":{"line":75,"column":26},"end":{"line":75,"column":27}},"loc":{"start":{"line":75,"column":46},"end":{"line":103,"column":1}},"line":75},"11":{"name":"(anonymous_11)","decl":{"start":{"line":80,"column":10},"end":{"line":80,"column":11}},"loc":{"start":{"line":80,"column":20},"end":{"line":101,"column":5}},"line":80},"12":{"name":"(anonymous_12)","decl":{"start":{"line":97,"column":14},"end":{"line":97,"column":15}},"loc":{"start":{"line":97,"column":31},"end":{"line":99,"column":9}},"line":97},"13":{"name":"(anonymous_13)","decl":{"start":{"line":105,"column":23},"end":{"line":105,"column":24}},"loc":{"start":{"line":105,"column":49},"end":{"line":151,"column":1}},"line":105},"14":{"name":"(anonymous_14)","decl":{"start":{"line":153,"column":24},"end":{"line":153,"column":25}},"loc":{"start":{"line":153,"column":50},"end":{"line":167,"column":1}},"line":153},"15":{"name":"(anonymous_15)","decl":{"start":{"line":169,"column":20},"end":{"line":169,"column":21}},"loc":{"start":{"line":169,"column":46},"end":{"line":176,"column":1}},"line":169}},"branchMap":{"0":{"loc":{"start":{"line":12,"column":6},"end":{"line":12,"column":77}},"type":"if","locations":[{"start":{"line":12,"column":6},"end":{"line":12,"column":77}},{"start":{},"end":{}}],"line":12},"1":{"loc":{"start":{"line":15,"column":8},"end":{"line":15,"column":69}},"type":"if","locations":[{"start":{"line":15,"column":8},"end":{"line":15,"column":69}},{"start":{},"end":{}}],"line":15},"2":{"loc":{"start":{"line":32,"column":6},"end":{"line":33,"column":73}},"type":"if","locations":[{"start":{"line":32,"column":6},"end":{"line":33,"column":73}},{"start":{},"end":{}}],"line":32},"3":{"loc":{"start":{"line":36,"column":8},"end":{"line":36,"column":69}},"type":"if","locations":[{"start":{"line":36,"column":8},"end":{"line":36,"column":69}},{"start":{},"end":{}}],"line":36},"4":{"loc":{"start":{"line":37,"column":8},"end":{"line":39,"column":76}},"type":"if","locations":[{"start":{"line":37,"column":8},"end":{"line":39,"column":76}},{"start":{},"end":{}}],"line":37},"5":{"loc":{"start":{"line":52,"column":12},"end":{"line":52,"column":73}},"type":"if","locations":[{"start":{"line":52,"column":12},"end":{"line":52,"column":73}},{"start":{},"end":{}}],"line":52},"6":{"loc":{"start":{"line":81,"column":6},"end":{"line":84,"column":7}},"type":"if","locations":[{"start":{"line":81,"column":6},"end":{"line":84,"column":7}},{"start":{},"end":{}}],"line":81},"7":{"loc":{"start":{"line":87,"column":6},"end":{"line":89,"column":7}},"type":"if","locations":[{"start":{"line":87,"column":6},"end":{"line":89,"column":7}},{"start":{},"end":{}}],"line":87},"8":{"loc":{"start":{"line":87,"column":10},"end":{"line":87,"column":67}},"type":"binary-expr","locations":[{"start":{"line":87,"column":10},"end":{"line":87,"column":18}},{"start":{"line":87,"column":22},"end":{"line":87,"column":37}},{"start":{"line":87,"column":41},"end":{"line":87,"column":67}}],"line":87},"9":{"loc":{"start":{"line":90,"column":6},"end":{"line":92,"column":7}},"type":"if","locations":[{"start":{"line":90,"column":6},"end":{"line":92,"column":7}},{"start":{},"end":{}}],"line":90},"10":{"loc":{"start":{"line":90,"column":10},"end":{"line":90,"column":55}},"type":"binary-expr","locations":[{"start":{"line":90,"column":10},"end":{"line":90,"column":15}},{"start":{"line":90,"column":19},"end":{"line":90,"column":31}},{"start":{"line":90,"column":35},"end":{"line":90,"column":55}}],"line":90},"11":{"loc":{"start":{"line":112,"column":4},"end":{"line":115,"column":5}},"type":"if","locations":[{"start":{"line":112,"column":4},"end":{"line":115,"column":5}},{"start":{},"end":{}}],"line":112},"12":{"loc":{"start":{"line":119,"column":4},"end":{"line":121,"column":5}},"type":"if","locations":[{"start":{"line":119,"column":4},"end":{"line":121,"column":5}},{"start":{},"end":{}}],"line":119},"13":{"loc":{"start":{"line":124,"column":4},"end":{"line":128,"column":5}},"type":"if","locations":[{"start":{"line":124,"column":4},"end":{"line":128,"column":5}},{"start":{},"end":{}}],"line":124},"14":{"loc":{"start":{"line":131,"column":4},"end":{"line":135,"column":5}},"type":"if","locations":[{"start":{"line":131,"column":4},"end":{"line":135,"column":5}},{"start":{},"end":{}}],"line":131},"15":{"loc":{"start":{"line":158,"column":4},"end":{"line":161,"column":5}},"type":"if","locations":[{"start":{"line":158,"column":4},"end":{"line":161,"column":5}},{"start":{},"end":{}}],"line":158}},"s":{"0":4,"1":4,"2":4,"3":4,"4":4,"5":4,"6":5,"7":5,"8":5,"9":1,"10":4,"11":4,"12":0,"13":4,"14":4,"15":4,"16":8,"17":8,"18":8,"19":3,"20":5,"21":5,"22":0,"23":5,"24":5,"25":5,"26":5,"27":0,"28":5,"29":4,"30":1,"31":1,"32":1,"33":4,"34":1,"35":1,"36":1,"37":1,"38":1,"39":0,"40":1,"41":1,"42":1,"43":1,"44":4,"45":4,"46":4,"47":4,"48":4,"49":4,"50":4,"51":4,"52":1,"53":3,"54":1,"55":2,"56":1,"57":1,"58":1,"59":1,"60":1,"61":4,"62":1,"63":1,"64":1,"65":1,"66":1,"67":0,"68":4,"69":0,"70":0,"71":0,"72":0,"73":4},"f":{"0":5,"1":5,"2":4,"3":4,"4":8,"5":8,"6":5,"7":5,"8":1,"9":1,"10":1,"11":1,"12":1,"13":4,"14":1,"15":0},"b":{"0":[1,4],"1":[0,4],"2":[3,5],"3":[0,5],"4":[0,5],"5":[0,5],"6":[0,1],"7":[0,1],"8":[1,0,0],"9":[1,0],"10":[1,1,1],"11":[0,4],"12":[1,3],"13":[1,2],"14":[1,1],"15":[0,1]},"_coverageSchema":"1a1c01bbd47fc00a2c39e90264f33305004495a9","hash":"03dff570fda88678047f04b7147e7602d8e35d9c"}
,"C:\\Users\\asus\\Documents\\API_Final\\task1-web-api-Sid20-rgb\\middlewares\\auth.js": {"path":"C:\\Users\\asus\\Documents\\API_Final\\task1-web-api-Sid20-rgb\\middlewares\\auth.js","statementMap":{"0":{"start":{"line":1,"column":12},"end":{"line":1,"column":35}},"1":{"start":{"line":3,"column":19},"end":{"line":15,"column":1}},"2":{"start":{"line":4,"column":16},"end":{"line":4,"column":41}},"3":{"start":{"line":5,"column":4},"end":{"line":5,"column":80}},"4":{"start":{"line":5,"column":16},"end":{"line":5,"column":80}},"5":{"start":{"line":6,"column":4},"end":{"line":6,"column":31}},"6":{"start":{"line":8,"column":4},"end":{"line":13,"column":6}},"7":{"start":{"line":9,"column":8},"end":{"line":9,"column":68}},"8":{"start":{"line":9,"column":17},"end":{"line":9,"column":68}},"9":{"start":{"line":10,"column":8},"end":{"line":10,"column":26}},"10":{"start":{"line":11,"column":8},"end":{"line":11,"column":30}},"11":{"start":{"line":12,"column":8},"end":{"line":12,"column":15}},"12":{"start":{"line":24,"column":0},"end":{"line":24,"column":31}}},"fnMap":{"0":{"name":"(anonymous_0)","decl":{"start":{"line":3,"column":19},"end":{"line":3,"column":20}},"loc":{"start":{"line":3,"column":39},"end":{"line":15,"column":1}},"line":3},"1":{"name":"(anonymous_1)","decl":{"start":{"line":8,"column":42},"end":{"line":8,"column":43}},"loc":{"start":{"line":8,"column":60},"end":{"line":13,"column":5}},"line":8}},"branchMap":{"0":{"loc":{"start":{"line":5,"column":4},"end":{"line":5,"column":80}},"type":"if","locations":[{"start":{"line":5,"column":4},"end":{"line":5,"column":80}},{"start":{},"end":{}}],"line":5},"1":{"loc":{"start":{"line":9,"column":8},"end":{"line":9,"column":68}},"type":"if","locations":[{"start":{"line":9,"column":8},"end":{"line":9,"column":68}},{"start":{},"end":{}}],"line":9}},"s":{"0":4,"1":4,"2":20,"3":20,"4":2,"5":18,"6":18,"7":18,"8":0,"9":18,"10":18,"11":18,"12":4},"f":{"0":20,"1":18},"b":{"0":[2,18],"1":[0,18]},"_coverageSchema":"1a1c01bbd47fc00a2c39e90264f33305004495a9","hash":"351c0233108cae36f888d1f12dbe4ab432a54a81"}
,"C:\\Users\\asus\\Documents\\API_Final\\task1-web-api-Sid20-rgb\\middlewares\\upload.js": {"path":"C:\\Users\\asus\\Documents\\API_Final\\task1-web-api-Sid20-rgb\\middlewares\\upload.js","statementMap":{"0":{"start":{"line":1,"column":15},"end":{"line":1,"column":32}},"1":{"start":{"line":2,"column":16},"end":{"line":2,"column":31}},"2":{"start":{"line":3,"column":13},"end":{"line":3,"column":28}},"3":{"start":{"line":5,"column":16},"end":{"line":13,"column":2}},"4":{"start":{"line":7,"column":4},"end":{"line":7,"column":31}},"5":{"start":{"line":10,"column":14},"end":{"line":10,"column":45}},"6":{"start":{"line":11,"column":4},"end":{"line":11,"column":40}},"7":{"start":{"line":15,"column":24},"end":{"line":20,"column":1}},"8":{"start":{"line":16,"column":2},"end":{"line":18,"column":3}},"9":{"start":{"line":17,"column":4},"end":{"line":17,"column":62}},"10":{"start":{"line":19,"column":2},"end":{"line":19,"column":17}},"11":{"start":{"line":22,"column":15},"end":{"line":26,"column":18}},"12":{"start":{"line":28,"column":0},"end":{"line":28,"column":24}}},"fnMap":{"0":{"name":"(anonymous_0)","decl":{"start":{"line":6,"column":15},"end":{"line":6,"column":16}},"loc":{"start":{"line":6,"column":34},"end":{"line":8,"column":3}},"line":6},"1":{"name":"(anonymous_1)","decl":{"start":{"line":9,"column":12},"end":{"line":9,"column":13}},"loc":{"start":{"line":9,"column":31},"end":{"line":12,"column":3}},"line":9},"2":{"name":"(anonymous_2)","decl":{"start":{"line":15,"column":24},"end":{"line":15,"column":25}},"loc":{"start":{"line":15,"column":43},"end":{"line":20,"column":1}},"line":15}},"branchMap":{"0":{"loc":{"start":{"line":16,"column":2},"end":{"line":18,"column":3}},"type":"if","locations":[{"start":{"line":16,"column":2},"end":{"line":18,"column":3}},{"start":{},"end":{}}],"line":16}},"s":{"0":4,"1":4,"2":4,"3":4,"4":0,"5":0,"6":0,"7":4,"8":0,"9":0,"10":0,"11":4,"12":4},"f":{"0":0,"1":0,"2":0},"b":{"0":[0,0]},"_coverageSchema":"1a1c01bbd47fc00a2c39e90264f33305004495a9","hash":"84322d62dfd6775c57aa10c158d8247a48c2c438"}
,"C:\\Users\\asus\\Documents\\API_Final\\task1-web-api-Sid20-rgb\\models\\Blog.js": {"path":"C:\\Users\\asus\\Documents\\API_Final\\task1-web-api-Sid20-rgb\\models\\Blog.js","statementMap":{"0":{"start":{"line":1,"column":17},"end":{"line":1,"column":36}},"1":{"start":{"line":2,"column":13},"end":{"line":2,"column":30}},"2":{"start":{"line":3,"column":16},"end":{"line":3,"column":36}},"3":{"start":{"line":6,"column":19},"end":{"line":40,"column":2}},"4":{"start":{"line":43,"column":13},"end":{"line":43,"column":47}},"5":{"start":{"line":45,"column":0},"end":{"line":45,"column":22}}},"fnMap":{},"branchMap":{},"s":{"0":4,"1":4,"2":4,"3":4,"4":4,"5":4},"f":{},"b":{},"_coverageSchema":"1a1c01bbd47fc00a2c39e90264f33305004495a9","hash":"cbb591aa614caa0795247d828f94ad28bec1fac9"}
,"C:\\Users\\asus\\Documents\\API_Final\\task1-web-api-Sid20-rgb\\models\\User.js": {"path":"C:\\Users\\asus\\Documents\\API_Final\\task1-web-api-Sid20-rgb\\models\\User.js","statementMap":{"0":{"start":{"line":1,"column":17},"end":{"line":1,"column":36}},"1":{"start":{"line":2,"column":13},"end":{"line":2,"column":30}},"2":{"start":{"line":3,"column":15},"end":{"line":3,"column":30}},"3":{"start":{"line":5,"column":19},"end":{"line":38,"column":2}},"4":{"start":{"line":50,"column":0},"end":{"line":57,"column":3}},"5":{"start":{"line":52,"column":4},"end":{"line":52,"column":50}},"6":{"start":{"line":53,"column":4},"end":{"line":53,"column":32}},"7":{"start":{"line":54,"column":4},"end":{"line":54,"column":37}},"8":{"start":{"line":55,"column":4},"end":{"line":55,"column":32}},"9":{"start":{"line":59,"column":0},"end":{"line":66,"column":3}},"10":{"start":{"line":60,"column":2},"end":{"line":65,"column":3}},"11":{"start":{"line":61,"column":4},"end":{"line":61,"column":58}},"12":{"start":{"line":62,"column":4},"end":{"line":62,"column":11}},"13":{"start":{"line":64,"column":4},"end":{"line":64,"column":16}},"14":{"start":{"line":68,"column":0},"end":{"line":68,"column":56}}},"fnMap":{"0":{"name":"(anonymous_0)","decl":{"start":{"line":51,"column":13},"end":{"line":51,"column":14}},"loc":{"start":{"line":51,"column":45},"end":{"line":56,"column":3}},"line":51},"1":{"name":"(anonymous_1)","decl":{"start":{"line":59,"column":25},"end":{"line":59,"column":26}},"loc":{"start":{"line":59,"column":47},"end":{"line":66,"column":1}},"line":59}},"branchMap":{},"s":{"0":4,"1":4,"2":4,"3":4,"4":4,"5":8,"6":8,"7":8,"8":8,"9":4,"10":0,"11":0,"12":0,"13":0,"14":4},"f":{"0":8,"1":0},"b":{},"_coverageSchema":"1a1c01bbd47fc00a2c39e90264f33305004495a9","hash":"8c45340f846d65801ca68786d87762e6d8339b97"}
,"C:\\Users\\asus\\Documents\\API_Final\\task1-web-api-Sid20-rgb\\models\\comment.js": {"path":"C:\\Users\\asus\\Documents\\API_Final\\task1-web-api-Sid20-rgb\\models\\comment.js","statementMap":{"0":{"start":{"line":1,"column":17},"end":{"line":1,"column":36}},"1":{"start":{"line":2,"column":13},"end":{"line":2,"column":30}},"2":{"start":{"line":4,"column":22},"end":{"line":19,"column":2}},"3":{"start":{"line":33,"column":16},"end":{"line":33,"column":56}},"4":{"start":{"line":35,"column":0},"end":{"line":35,"column":25}}},"fnMap":{},"branchMap":{},"s":{"0":4,"1":4,"2":4,"3":4,"4":4},"f":{},"b":{},"_coverageSchema":"1a1c01bbd47fc00a2c39e90264f33305004495a9","hash":"dc523b249988b48ef35fae69e1073bc5274a8685"}
,"C:\\Users\\asus\\Documents\\API_Final\\task1-web-api-Sid20-rgb\\routes\\blog-routes.js": {"path":"C:\\Users\\asus\\Documents\\API_Final\\task1-web-api-Sid20-rgb\\routes\\blog-routes.js","statementMap":{"0":{"start":{"line":1,"column":16},"end":{"line":1,"column":34}},"1":{"start":{"line":2,"column":15},"end":{"line":2,"column":31}},"2":{"start":{"line":3,"column":23},"end":{"line":3,"column":64}},"3":{"start":{"line":4,"column":23},"end":{"line":4,"column":53}},"4":{"start":{"line":5,"column":15},"end":{"line":5,"column":47}},"5":{"start":{"line":7,"column":0},"end":{"line":14,"column":4}},"6":{"start":{"line":11,"column":21},"end":{"line":11,"column":76}},"7":{"start":{"line":13,"column":4},"end":{"line":13,"column":59}},"8":{"start":{"line":17,"column":0},"end":{"line":22,"column":2}},"9":{"start":{"line":25,"column":0},"end":{"line":29,"column":2}},"10":{"start":{"line":32,"column":0},"end":{"line":32,"column":62}},"11":{"start":{"line":35,"column":0},"end":{"line":35,"column":50}},"12":{"start":{"line":38,"column":0},"end":{"line":38,"column":54}},"13":{"start":{"line":41,"column":0},"end":{"line":41,"column":67}},"14":{"start":{"line":43,"column":0},"end":{"line":50,"column":41}},"15":{"start":{"line":47,"column":4},"end":{"line":47,"column":67}},"16":{"start":{"line":53,"column":0},"end":{"line":53,"column":63}},"17":{"start":{"line":56,"column":0},"end":{"line":56,"column":67}},"18":{"start":{"line":59,"column":0},"end":{"line":59,"column":49}},"19":{"start":{"line":61,"column":0},"end":{"line":61,"column":24}}},"fnMap":{"0":{"name":"(anonymous_0)","decl":{"start":{"line":11,"column":7},"end":{"line":11,"column":8}},"loc":{"start":{"line":11,"column":21},"end":{"line":11,"column":76}},"line":11},"1":{"name":"(anonymous_1)","decl":{"start":{"line":12,"column":10},"end":{"line":12,"column":11}},"loc":{"start":{"line":13,"column":4},"end":{"line":13,"column":59}},"line":13},"2":{"name":"(anonymous_2)","decl":{"start":{"line":46,"column":8},"end":{"line":46,"column":9}},"loc":{"start":{"line":46,"column":22},"end":{"line":48,"column":3}},"line":46}},"branchMap":{},"s":{"0":4,"1":4,"2":4,"3":4,"4":4,"5":4,"6":0,"7":0,"8":4,"9":4,"10":4,"11":4,"12":4,"13":4,"14":4,"15":0,"16":4,"17":4,"18":4,"19":4},"f":{"0":0,"1":0,"2":0},"b":{},"_coverageSchema":"1a1c01bbd47fc00a2c39e90264f33305004495a9","hash":"562a9c78d01944f15f5e304b750351411243c27e"}
,"C:\\Users\\asus\\Documents\\API_Final\\task1-web-api-Sid20-rgb\\routes\\comment-routes.js": {"path":"C:\\Users\\asus\\Documents\\API_Final\\task1-web-api-Sid20-rgb\\routes\\comment-routes.js","statementMap":{"0":{"start":{"line":1,"column":16},"end":{"line":1,"column":34}},"1":{"start":{"line":6,"column":4},"end":{"line":6,"column":48}},"2":{"start":{"line":7,"column":23},"end":{"line":7,"column":53}},"3":{"start":{"line":9,"column":22},"end":{"line":9,"column":38}},"4":{"start":{"line":11,"column":0},"end":{"line":11,"column":46}},"5":{"start":{"line":12,"column":0},"end":{"line":12,"column":56}},"6":{"start":{"line":16,"column":0},"end":{"line":16,"column":31}}},"fnMap":{},"branchMap":{},"s":{"0":4,"1":4,"2":4,"3":4,"4":4,"5":4,"6":4},"f":{},"b":{},"_coverageSchema":"1a1c01bbd47fc00a2c39e90264f33305004495a9","hash":"1728e3180d245a2e35951041a2f0a94d7cf99ac5"}
,"C:\\Users\\asus\\Documents\\API_Final\\task1-web-api-Sid20-rgb\\routes\\user-routes.js": {"path":"C:\\Users\\asus\\Documents\\API_Final\\task1-web-api-Sid20-rgb\\routes\\user-routes.js","statementMap":{"0":{"start":{"line":1,"column":16},"end":{"line":1,"column":34}},"1":{"start":{"line":2,"column":15},"end":{"line":2,"column":34}},"2":{"start":{"line":3,"column":12},"end":{"line":3,"column":35}},"3":{"start":{"line":4,"column":15},"end":{"line":4,"column":31}},"4":{"start":{"line":5,"column":13},"end":{"line":5,"column":38}},"5":{"start":{"line":6,"column":23},"end":{"line":6,"column":64}},"6":{"start":{"line":7,"column":23},"end":{"line":7,"column":53}},"7":{"start":{"line":8,"column":15},"end":{"line":8,"column":47}},"8":{"start":{"line":11,"column":0},"end":{"line":11,"column":54}},"9":{"start":{"line":14,"column":0},"end":{"line":14,"column":48}},"10":{"start":{"line":17,"column":0},"end":{"line":17,"column":59}},"11":{"start":{"line":20,"column":0},"end":{"line":20,"column":75}},"12":{"start":{"line":22,"column":0},"end":{"line":22,"column":49}},"13":{"start":{"line":25,"column":0},"end":{"line":25,"column":56}},"14":{"start":{"line":28,"column":0},"end":{"line":28,"column":76}},"15":{"start":{"line":31,"column":0},"end":{"line":31,"column":74}},"16":{"start":{"line":33,"column":0},"end":{"line":33,"column":24}}},"fnMap":{},"branchMap":{},"s":{"0":4,"1":4,"2":4,"3":4,"4":4,"5":4,"6":4,"7":4,"8":4,"9":4,"10":4,"11":4,"12":4,"13":4,"14":4,"15":4,"16":4},"f":{},"b":{},"_coverageSchema":"1a1c01bbd47fc00a2c39e90264f33305004495a9","hash":"ac546bbf2a50a9d8d1703340be76f4c95e3514b3"}
}
