TN:
SF:app.js
FN:19,(anonymous_0)
FN:22,(anonymous_1)
FN:31,(anonymous_2)
FN:40,(anonymous_3)
FN:48,(anonymous_4)
FNF:5
FNH:2
FNDA:4,(anonymous_0)
FNDA:0,(anonymous_1)
FNDA:1,(anonymous_2)
FNDA:0,(anonymous_3)
FNDA:0,(anonymous_4)
DA:1,4
DA:2,4
DA:3,4
DA:4,4
DA:5,4
DA:6,4
DA:7,4
DA:8,4
DA:13,4
DA:17,4
DA:20,4
DA:22,0
DA:24,4
DA:26,4
DA:28,4
DA:29,4
DA:31,4
DA:32,1
DA:35,4
DA:36,4
DA:37,4
DA:40,4
DA:41,0
DA:42,0
DA:43,0
DA:44,0
DA:48,4
DA:49,0
DA:52,4
LF:29
LH:23
BRDA:13,0,0,4
BRDA:13,0,1,0
BRDA:42,1,0,0
BRDA:42,1,1,0
BRDA:43,2,0,0
BRDA:43,2,1,0
BRF:6
BRH:1
end_of_record
TN:
SF:controllers\blog-controller.js
FN:5,(anonymous_0)
FN:11,(anonymous_1)
FN:16,(anonymous_2)
FN:40,(anonymous_3)
FN:103,(anonymous_4)
FN:105,(anonymous_5)
FN:114,(anonymous_6)
FN:116,(anonymous_7)
FN:120,(anonymous_8)
FN:122,(anonymous_9)
FN:126,(anonymous_10)
FN:135,(anonymous_11)
FN:144,(anonymous_12)
FN:150,(anonymous_13)
FN:159,(anonymous_14)
FN:168,(anonymous_15)
FN:174,(anonymous_16)
FN:197,(anonymous_17)
FN:214,(anonymous_18)
FN:224,(anonymous_19)
FN:244,(anonymous_20)
FNF:21
FNH:16
FNDA:1,(anonymous_0)
FNDA:1,(anonymous_1)
FNDA:0,(anonymous_2)
FNDA:1,(anonymous_3)
FNDA:1,(anonymous_4)
FNDA:1,(anonymous_5)
FNDA:1,(anonymous_6)
FNDA:1,(anonymous_7)
FNDA:0,(anonymous_8)
FNDA:0,(anonymous_9)
FNDA:1,(anonymous_10)
FNDA:1,(anonymous_11)
FNDA:0,(anonymous_12)
FNDA:1,(anonymous_13)
FNDA:1,(anonymous_14)
FNDA:0,(anonymous_15)
FNDA:1,(anonymous_16)
FNDA:1,(anonymous_17)
FNDA:1,(anonymous_18)
FNDA:1,(anonymous_19)
FNDA:1,(anonymous_20)
DA:1,4
DA:2,4
DA:3,4
DA:5,4
DA:6,1
DA:7,1
DA:8,1
DA:9,1
DA:11,1
DA:12,1
DA:16,1
DA:17,0
DA:18,0
DA:24,1
DA:31,1
DA:35,0
DA:40,4
DA:41,1
DA:42,1
DA:44,1
DA:48,1
DA:52,0
DA:103,4
DA:104,1
DA:106,1
DA:107,0
DA:109,1
DA:114,4
DA:115,1
DA:116,1
DA:120,4
DA:121,0
DA:122,0
DA:126,4
DA:127,1
DA:129,1
DA:136,1
DA:141,1
DA:150,4
DA:151,1
DA:153,1
DA:160,1
DA:165,1
DA:174,4
DA:175,1
DA:176,1
DA:177,1
DA:179,1
DA:180,1
DA:181,0
DA:184,1
DA:185,0
DA:188,1
DA:189,1
DA:191,1
DA:193,0
DA:197,4
DA:198,1
DA:199,1
DA:200,1
DA:202,1
DA:203,1
DA:208,1
DA:213,1
DA:214,1
DA:216,1
DA:218,1
DA:220,0
DA:224,4
DA:225,1
DA:226,1
DA:228,1
DA:229,1
DA:230,0
DA:233,1
DA:237,1
DA:239,0
DA:244,4
DA:245,1
DA:246,1
DA:248,1
DA:252,1
DA:256,0
DA:290,4
LF:84
LH:70
BRDA:106,0,0,0
BRDA:106,0,1,1
BRDA:136,1,0,0
BRDA:136,1,1,1
BRDA:160,2,0,0
BRDA:160,2,1,1
BRDA:180,3,0,0
BRDA:180,3,1,1
BRDA:184,4,0,0
BRDA:184,4,1,1
BRDA:203,5,0,0
BRDA:203,5,1,1
BRDA:208,6,0,0
BRDA:208,6,1,1
BRDA:229,7,0,0
BRDA:229,7,1,1
BRF:16
BRH:8
end_of_record
TN:
SF:controllers\comment-controller.js
FN:4,(anonymous_0)
FN:34,(anonymous_1)
FNF:2
FNH:1
FNDA:1,(anonymous_0)
FNDA:0,(anonymous_1)
DA:1,4
DA:2,4
DA:4,4
DA:5,1
DA:6,1
DA:7,1
DA:8,1
DA:10,1
DA:11,1
DA:12,0
DA:15,1
DA:22,1
DA:24,1
DA:25,1
DA:27,1
DA:29,0
DA:30,0
DA:34,4
DA:74,4
LF:19
LH:16
BRDA:11,0,0,0
BRDA:11,0,1,1
BRF:2
BRH:1
end_of_record
TN:
SF:controllers\user-controller.js
FN:7,(anonymous_0)
FN:11,(anonymous_1)
FN:14,(anonymous_2)
FN:18,(anonymous_3)
FN:27,(anonymous_4)
FN:31,(anonymous_5)
FN:35,(anonymous_6)
FN:51,(anonymous_7)
FN:61,(anonymous_8)
FN:65,(anonymous_9)
FN:75,(anonymous_10)
FN:80,(anonymous_11)
FN:97,(anonymous_12)
FN:105,(anonymous_13)
FN:153,(anonymous_14)
FN:169,(anonymous_15)
FNF:16
FNH:15
FNDA:5,(anonymous_0)
FNDA:5,(anonymous_1)
FNDA:4,(anonymous_2)
FNDA:4,(anonymous_3)
FNDA:8,(anonymous_4)
FNDA:8,(anonymous_5)
FNDA:5,(anonymous_6)
FNDA:5,(anonymous_7)
FNDA:1,(anonymous_8)
FNDA:1,(anonymous_9)
FNDA:1,(anonymous_10)
FNDA:1,(anonymous_11)
FNDA:1,(anonymous_12)
FNDA:4,(anonymous_13)
FNDA:1,(anonymous_14)
FNDA:0,(anonymous_15)
DA:1,4
DA:2,4
DA:3,4
DA:4,4
DA:5,4
DA:7,4
DA:8,5
DA:10,5
DA:12,5
DA:14,4
DA:15,4
DA:17,4
DA:19,4
DA:27,4
DA:28,8
DA:30,8
DA:32,8
DA:33,3
DA:35,5
DA:36,5
DA:37,5
DA:41,5
DA:47,5
DA:52,5
DA:53,5
DA:61,4
DA:62,1
DA:64,1
DA:70,1
DA:75,4
DA:76,1
DA:77,1
DA:79,1
DA:81,1
DA:87,1
DA:88,0
DA:90,1
DA:91,1
DA:95,1
DA:98,1
DA:105,4
DA:106,4
DA:107,4
DA:109,4
DA:111,4
DA:112,4
DA:118,4
DA:119,4
DA:120,1
DA:124,3
DA:125,1
DA:131,2
DA:132,1
DA:138,1
DA:141,1
DA:144,1
DA:146,1
DA:153,4
DA:154,1
DA:156,1
DA:157,1
DA:158,1
DA:163,1
DA:165,0
DA:169,4
DA:170,0
DA:171,0
DA:172,0
DA:174,0
DA:204,4
LF:70
LH:64
BRDA:12,0,0,1
BRDA:12,0,1,4
BRDA:15,1,0,0
BRDA:15,1,1,4
BRDA:32,2,0,3
BRDA:32,2,1,5
BRDA:36,3,0,0
BRDA:36,3,1,5
BRDA:37,4,0,0
BRDA:37,4,1,5
BRDA:52,5,0,0
BRDA:52,5,1,5
BRDA:81,6,0,0
BRDA:81,6,1,1
BRDA:87,7,0,0
BRDA:87,7,1,1
BRDA:87,8,0,1
BRDA:87,8,1,0
BRDA:87,8,2,0
BRDA:90,9,0,1
BRDA:90,9,1,0
BRDA:90,10,0,1
BRDA:90,10,1,1
BRDA:90,10,2,1
BRDA:112,11,0,0
BRDA:112,11,1,4
BRDA:119,12,0,1
BRDA:119,12,1,3
BRDA:124,13,0,1
BRDA:124,13,1,2
BRDA:131,14,0,1
BRDA:131,14,1,1
BRDA:158,15,0,0
BRDA:158,15,1,1
BRF:34
BRH:23
end_of_record
TN:
SF:middlewares\auth.js
FN:3,(anonymous_0)
FN:8,(anonymous_1)
FNF:2
FNH:2
FNDA:20,(anonymous_0)
FNDA:18,(anonymous_1)
DA:1,4
DA:3,4
DA:4,20
DA:5,20
DA:6,18
DA:8,18
DA:9,18
DA:10,18
DA:11,18
DA:12,18
DA:24,4
LF:11
LH:11
BRDA:5,0,0,2
BRDA:5,0,1,18
BRDA:9,1,0,0
BRDA:9,1,1,18
BRF:4
BRH:3
end_of_record
TN:
SF:middlewares\upload.js
FN:6,(anonymous_0)
FN:9,(anonymous_1)
FN:15,(anonymous_2)
FNF:3
FNH:0
FNDA:0,(anonymous_0)
FNDA:0,(anonymous_1)
FNDA:0,(anonymous_2)
DA:1,4
DA:2,4
DA:3,4
DA:5,4
DA:7,0
DA:10,0
DA:11,0
DA:15,4
DA:16,0
DA:17,0
DA:19,0
DA:22,4
DA:28,4
LF:13
LH:7
BRDA:16,0,0,0
BRDA:16,0,1,0
BRF:2
BRH:0
end_of_record
TN:
SF:models\Blog.js
FNF:0
FNH:0
DA:1,4
DA:2,4
DA:3,4
DA:6,4
DA:43,4
DA:45,4
LF:6
LH:6
BRF:0
BRH:0
end_of_record
TN:
SF:models\User.js
FN:51,(anonymous_0)
FN:59,(anonymous_1)
FNF:2
FNH:1
FNDA:8,(anonymous_0)
FNDA:0,(anonymous_1)
DA:1,4
DA:2,4
DA:3,4
DA:5,4
DA:50,4
DA:52,8
DA:53,8
DA:54,8
DA:55,8
DA:59,4
DA:60,0
DA:61,0
DA:62,0
DA:64,0
DA:68,4
LF:15
LH:11
BRF:0
BRH:0
end_of_record
TN:
SF:models\comment.js
FNF:0
FNH:0
DA:1,4
DA:2,4
DA:4,4
DA:33,4
DA:35,4
LF:5
LH:5
BRF:0
BRH:0
end_of_record
TN:
SF:routes\blog-routes.js
FN:11,(anonymous_0)
FN:12,(anonymous_1)
FN:46,(anonymous_2)
FNF:3
FNH:0
FNDA:0,(anonymous_0)
FNDA:0,(anonymous_1)
FNDA:0,(anonymous_2)
DA:1,4
DA:2,4
DA:3,4
DA:4,4
DA:5,4
DA:7,4
DA:11,0
DA:13,0
DA:17,4
DA:25,4
DA:32,4
DA:35,4
DA:38,4
DA:41,4
DA:43,4
DA:47,0
DA:53,4
DA:56,4
DA:59,4
DA:61,4
LF:20
LH:17
BRF:0
BRH:0
end_of_record
TN:
SF:routes\comment-routes.js
FNF:0
FNH:0
DA:1,4
DA:6,4
DA:7,4
DA:9,4
DA:11,4
DA:12,4
DA:16,4
LF:7
LH:7
BRF:0
BRH:0
end_of_record
TN:
SF:routes\user-routes.js
FNF:0
FNH:0
DA:1,4
DA:2,4
DA:3,4
DA:4,4
DA:5,4
DA:6,4
DA:7,4
DA:8,4
DA:11,4
DA:14,4
DA:17,4
DA:20,4
DA:22,4
DA:25,4
DA:28,4
DA:31,4
DA:33,4
LF:17
LH:17
BRF:0
BRH:0
end_of_record
